<?xml version="1.0" encoding="UTF-8"?>
<!-- Generated by org.testng.reporters.JUnitReportReporter -->
<testsuite hostname="User" failures="0" tests="1" name="testPkg.HomePageMenuLinksTest" time="13.268" errors="0" timestamp="2023-08-01T23:19:02 EDT" skipped="0">
  <testcase classname="testPkg.HomePageMenuLinksTest" name="menuLinkTestFromXMLparameter" time="13.268"/>
</testsuite> <!-- testPkg.HomePageMenuLinksTest -->
